
Wed 13 Mar 2024 11:29:12 PM UTC: 
 tests:  0|4
total_score: 30/70
321c4c9
Wed 13 Mar 2024 11:37:25 PM UTC: 
 exercises.c | 27 +++++++++++++++++++++++++--
 1 file changed, 25 insertions(+), 2 deletions(-)
 tests:  0|4
total_score: 30/70
290f97d
Wed 13 Mar 2024 11:39:51 PM UTC: 
 exercises.c | 2 +-
 1 file changed, 1 insertion(+), 1 deletion(-)
 tests:  0|4
total_score: 30/70
2445ff2
Wed 13 Mar 2024 11:41:28 PM UTC: 
 exercises.c | 10 ++++------
 1 file changed, 4 insertions(+), 6 deletions(-)
In file included from test.c:1:
exercises.c: In function ‘filterEvenNumbers’:
exercises.c:59:8: error: ‘newSize’ redeclared as different kind of symbol
   59 |   int *newSize = 0;
      |        ^~~~~~~
exercises.c:56:50: note: previous definition of ‘newSize’ with type ‘int *’
   56 | int *filterEvenNumbers(int arr[], int size, int *newSize) {
      |                                             ~~~~~^~~~~~~
exercises.c:70:8: error: statement with no effect [-Werror=unused-value]
   70 |       (*newSize)b++;
      |       ~^~~~~~~~~
exercises.c:70:17: error: expected ‘;’ before ‘b’
   70 |       (*newSize)b++;
      |                 ^
      |                 ;
cc1: all warnings being treated as errors
Compilation failed
aae0db6
Wed 13 Mar 2024 11:41:56 PM UTC: 
 exercises.c | 4 ++--
 1 file changed, 2 insertions(+), 2 deletions(-)
 tests:  0|4
total_score: 30/70
a5a75b5
Wed 13 Mar 2024 11:43:03 PM UTC: 
 exercises.c | 3 ++-
 1 file changed, 2 insertions(+), 1 deletion(-)
In file included from test.c:1:
exercises.c: In function ‘filterEvenNumbers’:
exercises.c:59:69: error: expected statement before ‘)’ token
   59 |   int *newArray = (int *) realloc(newArray, sizeof(int) * *newSize););
      |                                                                     ^
Compilation failed
acf1255
Wed 13 Mar 2024 11:43:17 PM UTC: 
 exercises.c | 2 +-
 1 file changed, 1 insertion(+), 1 deletion(-)
In file included from test.c:1:
test.c: In function ‘filterEvenNumbers’:
exercises.c:59:27: error: ‘newArray’ is used uninitialized [-Werror=uninitialized]
   59 |   int *newArray = (int *) realloc(newArray, sizeof(int) * *newSize);
      |                           ^~~~~~~~~~~~~~~~~~~~~~~~~~~~~~~~~~~~~~~~~
cc1: all warnings being treated as errors
Compilation failed
d9b96a7
Wed 13 Mar 2024 11:43:51 PM UTC: 
 exercises.c | 4 ++--
 1 file changed, 2 insertions(+), 2 deletions(-)
 tests:  0|4
total_score: 30/70
428048c
Wed 13 Mar 2024 11:47:43 PM UTC: 
 exercises.c | 16 ++++++----------
 1 file changed, 6 insertions(+), 10 deletions(-)
 tests:  0|3
total_score: 40/70
c6bdc03
Wed 13 Mar 2024 11:51:54 PM UTC: 
 exercises.c | 23 ++++++++++++++++++++++-
 1 file changed, 22 insertions(+), 1 deletion(-)
In file included from test.c:1:
exercises.c: In function ‘checkSorted’:
exercises.c:122:3: error: unknown type name ‘bool’
  122 |   bool ascendent = true;
      |   ^~~~
exercises.c:6:1: note: ‘bool’ is defined in header ‘<stdbool.h>’; did you forget to ‘#include <stdbool.h>’?
    5 | #include <string.h>
  +++ |+#include <stdbool.h>
    6 | 
exercises.c:122:20: error: ‘true’ undeclared (first use in this function)
  122 |   bool ascendent = true;
      |                    ^~~~
exercises.c:122:20: note: ‘true’ is defined in header ‘<stdbool.h>’; did you forget to ‘#include <stdbool.h>’?
exercises.c:122:20: note: each undeclared identifier is reported only once for each function it appears in
exercises.c:123:3: error: unknown type name ‘bool’
  123 |   bool descendent = true;
      |   ^~~~
exercises.c:123:3: note: ‘bool’ is defined in header ‘<stdbool.h>’; did you forget to ‘#include <stdbool.h>’?
exercises.c:128:19: error: ‘false’ undeclared (first use in this function)
  128 |       ascendent = false;
      |                   ^~~~~
exercises.c:128:19: note: ‘false’ is defined in header ‘<stdbool.h>’; did you forget to ‘#include <stdbool.h>’?
exercises.c:135:13: error: expected ‘;’ before ‘else’
  135 |     return 1
      |             ^
      |             ;
  136 |   else if (descendent)
      |   ~~~~       
exercises.c:123:8: error: variable ‘descendent’ set but not used [-Werror=unused-but-set-variable]
  123 |   bool descendent = true;
      |        ^~~~~~~~~~
cc1: all warnings being treated as errors
Compilation failed
2405bcf
Wed 13 Mar 2024 11:52:29 PM UTC: 
 exercises.c | 8 ++++----
 1 file changed, 4 insertions(+), 4 deletions(-)
In file included from test.c:1:
exercises.c: In function ‘checkSorted’:
exercises.c:136:13: error: expected ‘;’ before ‘else’
  136 |     return 1
      |             ^
      |             ;
  137 |   else if (descendent)
      |   ~~~~       
exercises.c:124:7: error: variable ‘descendent’ set but not used [-Werror=unused-but-set-variable]
  124 |   int descendent = 1;
      |       ^~~~~~~~~~
cc1: all warnings being treated as errors
Compilation failed
c448ad8
Wed 13 Mar 2024 11:54:25 PM UTC: 
 exercises.c | 15 +++++++--------
 1 file changed, 7 insertions(+), 8 deletions(-)
 tests:  0|3
total_score: 40/70
80652e5
